0 info it worked if it ends with ok
1 verbose cli [ '/home/noland/.meteor/packages/meteor-tool/.1.4.2_3.9vrofk++os.linux.x86_64+web.browser+web.cordova/mt-os.linux.x86_64/dev_bundle/bin/node',
1 verbose cli   '/home/noland/.meteor/packages/meteor-tool/.1.4.2_3.9vrofk++os.linux.x86_64+web.browser+web.cordova/mt-os.linux.x86_64/dev_bundle/bin/npm',
1 verbose cli   'start' ]
2 info using npm@3.10.9
3 info using node@v4.6.2
4 verbose run-script [ 'prestart', 'start', 'poststart' ]
5 info lifecycle simple-chat-support@1.1.0~prestart: simple-chat-support@1.1.0
6 silly lifecycle simple-chat-support@1.1.0~prestart: no script for prestart, continuing
7 info lifecycle simple-chat-support@1.1.0~start: simple-chat-support@1.1.0
8 verbose lifecycle simple-chat-support@1.1.0~start: unsafe-perm in lifecycle true
9 verbose lifecycle simple-chat-support@1.1.0~start: PATH: /home/noland/.meteor/packages/meteor-tool/.1.4.2_3.9vrofk++os.linux.x86_64+web.browser+web.cordova/mt-os.linux.x86_64/dev_bundle/lib/node_modules/npm/bin/node-gyp-bin:/home/noland/projects/s-chat/node_modules/.bin:/home/noland/.meteor/packages/meteor-tool/.1.4.2_3.9vrofk++os.linux.x86_64+web.browser+web.cordova/mt-os.linux.x86_64/dev_bundle/bin:/home/noland/.meteor/packages/meteor-tool/.1.4.2_3.9vrofk++os.linux.x86_64+web.browser+web.cordova/mt-os.linux.x86_64/dev_bundle/lib/node_modules/.bin:/usr/lib64/qt-3.3/bin:/home/noland/perl5/bin:/usr/local/bin:/usr/local/sbin:/usr/bin:/usr/sbin:/bin:/sbin:/home/noland/Android/Sdk/tools:/home/noland/Android/Sdk/platform-tools:/home/noland/.local/bin:/home/noland/bin:/home/noland/Android/Sdk/tools:/home/noland/Android/Sdk/platform-tools
10 verbose lifecycle simple-chat-support@1.1.0~start: CWD: /home/noland/projects/s-chat
11 silly lifecycle simple-chat-support@1.1.0~start: Args: [ '-c', 'meteor --settings settings.json --port 3042' ]
12 silly lifecycle simple-chat-support@1.1.0~start: Returned: code: 254  signal: null
13 info lifecycle simple-chat-support@1.1.0~start: Failed to exec start script
14 verbose stack Error: simple-chat-support@1.1.0 start: `meteor --settings settings.json --port 3042`
14 verbose stack Exit status 254
14 verbose stack     at EventEmitter.<anonymous> (/home/noland/.meteor/packages/meteor-tool/.1.4.2_3.9vrofk++os.linux.x86_64+web.browser+web.cordova/mt-os.linux.x86_64/dev_bundle/lib/node_modules/npm/lib/utils/lifecycle.js:255:16)
14 verbose stack     at emitTwo (events.js:87:13)
14 verbose stack     at EventEmitter.emit (events.js:172:7)
14 verbose stack     at ChildProcess.<anonymous> (/home/noland/.meteor/packages/meteor-tool/.1.4.2_3.9vrofk++os.linux.x86_64+web.browser+web.cordova/mt-os.linux.x86_64/dev_bundle/lib/node_modules/npm/lib/utils/spawn.js:40:14)
14 verbose stack     at emitTwo (events.js:87:13)
14 verbose stack     at ChildProcess.emit (events.js:172:7)
14 verbose stack     at maybeClose (internal/child_process.js:854:16)
14 verbose stack     at Process.ChildProcess._handle.onexit (internal/child_process.js:222:5)
15 verbose pkgid simple-chat-support@1.1.0
16 verbose cwd /home/noland/projects/s-chat
17 error Linux 3.10.0-514.6.1.el7.x86_64
18 error argv "/home/noland/.meteor/packages/meteor-tool/.1.4.2_3.9vrofk++os.linux.x86_64+web.browser+web.cordova/mt-os.linux.x86_64/dev_bundle/bin/node" "/home/noland/.meteor/packages/meteor-tool/.1.4.2_3.9vrofk++os.linux.x86_64+web.browser+web.cordova/mt-os.linux.x86_64/dev_bundle/bin/npm" "start"
19 error node v4.6.2
20 error npm  v3.10.9
21 error code ELIFECYCLE
22 error simple-chat-support@1.1.0 start: `meteor --settings settings.json --port 3042`
22 error Exit status 254
23 error Failed at the simple-chat-support@1.1.0 start script 'meteor --settings settings.json --port 3042'.
23 error Make sure you have the latest version of node.js and npm installed.
23 error If you do, this is most likely a problem with the simple-chat-support package,
23 error not with npm itself.
23 error Tell the author that this fails on your system:
23 error     meteor --settings settings.json --port 3042
23 error You can get information on how to open an issue for this project with:
23 error     npm bugs simple-chat-support
23 error Or if that isn't available, you can get their info via:
23 error     npm owner ls simple-chat-support
23 error There is likely additional logging output above.
24 verbose exit [ 1, true ]
